DEBUG   |170729 13:24:17|PHP WARNING (not an error; you can ignore) on line 198 in file <root>/administrator/components/com_akeeba/BackupEngine/Driver/Mysql.php:
DEBUG   |170729 13:24:17|mysql_close(): 4 is not a valid MySQL-Link resource
DEBUG   |170729 13:24:17|PHP WARNING (not an error; you can ignore) on line 198 in file <root>/administrator/components/com_akeeba/BackupEngine/Driver/Mysql.php:
DEBUG   |170729 13:24:17|mysql_close(): 4 is not a valid MySQL-Link resource
DEBUG   |170729 13:24:18|PHP WARNING (not an error; you can ignore) on line 198 in file <root>/administrator/components/com_akeeba/BackupEngine/Driver/Mysql.php:
DEBUG   |170729 13:24:18|mysql_close(): 4 is not a valid MySQL-Link resource
DEBUG   |170729 13:24:18|PHP WARNING (not an error; you can ignore) on line 198 in file <root>/administrator/components/com_akeeba/BackupEngine/Driver/Mysql.php:
DEBUG   |170729 13:24:18|mysql_close(): 4 is not a valid MySQL-Link resource
DEBUG   |170729 13:24:20|PHP WARNING (not an error; you can ignore) on line 198 in file <root>/administrator/components/com_akeeba/BackupEngine/Driver/Mysql.php:
DEBUG   |170729 13:24:20|mysql_close(): 4 is not a valid MySQL-Link resource
DEBUG   |170729 13:24:20|PHP WARNING (not an error; you can ignore) on line 198 in file <root>/administrator/components/com_akeeba/BackupEngine/Driver/Mysql.php:
DEBUG   |170729 13:24:20|mysql_close(): 4 is not a valid MySQL-Link resource
DEBUG   |170729 13:24:20|PHP WARNING (not an error; you can ignore) on line 198 in file <root>/administrator/components/com_akeeba/BackupEngine/Driver/Mysql.php:
DEBUG   |170729 13:24:20|mysql_close(): 4 is not a valid MySQL-Link resource
DEBUG   |170729 13:24:20|PHP WARNING (not an error; you can ignore) on line 198 in file <root>/administrator/components/com_akeeba/BackupEngine/Driver/Mysql.php:
DEBUG   |170729 13:24:20|mysql_close(): 4 is not a valid MySQL-Link resource
DEBUG   |170729 13:24:21|PHP WARNING (not an error; you can ignore) on line 198 in file <root>/administrator/components/com_akeeba/BackupEngine/Driver/Mysql.php:
DEBUG   |170729 13:24:21|mysql_close(): 4 is not a valid MySQL-Link resource
DEBUG   |170729 13:24:21|PHP WARNING (not an error; you can ignore) on line 198 in file <root>/administrator/components/com_akeeba/BackupEngine/Driver/Mysql.php:
DEBUG   |170729 13:24:21|mysql_close(): 4 is not a valid MySQL-Link resource
DEBUG   |170729 13:24:25|PHP WARNING (not an error; you can ignore) on line 198 in file <root>/administrator/components/com_akeeba/BackupEngine/Driver/Mysql.php:
DEBUG   |170729 13:24:25|mysql_close(): 4 is not a valid MySQL-Link resource
DEBUG   |170729 13:24:26|PHP WARNING (not an error; you can ignore) on line 198 in file <root>/administrator/components/com_akeeba/BackupEngine/Driver/Mysql.php:
DEBUG   |170729 13:24:26|mysql_close(): 4 is not a valid MySQL-Link resource
DEBUG   |170729 13:24:30|PHP WARNING (not an error; you can ignore) on line 198 in file <root>/administrator/components/com_akeeba/BackupEngine/Driver/Mysql.php:
DEBUG   |170729 13:24:30|mysql_close(): 4 is not a valid MySQL-Link resource
DEBUG   |170729 13:24:39|PHP WARNING (not an error; you can ignore) on line 198 in file <root>/administrator/components/com_akeeba/BackupEngine/Driver/Mysql.php:
DEBUG   |170729 13:24:39|mysql_close(): 4 is not a valid MySQL-Link resource
DEBUG   |170729 13:24:39|PHP WARNING (not an error; you can ignore) on line 198 in file <root>/administrator/components/com_akeeba/BackupEngine/Driver/Mysql.php:
DEBUG   |170729 13:24:39|mysql_close(): 4 is not a valid MySQL-Link resource
DEBUG   |170729 13:24:39|PHP WARNING (not an error; you can ignore) on line 198 in file <root>/administrator/components/com_akeeba/BackupEngine/Driver/Mysql.php:
DEBUG   |170729 13:24:39|mysql_close(): 4 is not a valid MySQL-Link resource
DEBUG   |170729 13:24:40|PHP WARNING (not an error; you can ignore) on line 198 in file <root>/administrator/components/com_akeeba/BackupEngine/Driver/Mysql.php:
DEBUG   |170729 13:24:40|mysql_close(): 4 is not a valid MySQL-Link resource
DEBUG   |170729 13:24:40|PHP WARNING (not an error; you can ignore) on line 198 in file <root>/administrator/components/com_akeeba/BackupEngine/Driver/Mysql.php:
DEBUG   |170729 13:24:40|mysql_close(): 4 is not a valid MySQL-Link resource
DEBUG   |170729 14:08:37|Fetching filter data from database
DEBUG   |170729 14:08:37|Loading filters
DEBUG   |170729 14:08:37|-- Loading filter Regexdirectories
DEBUG   |170729 14:08:37|-- Loading filter Tables
DEBUG   |170729 14:08:37|-- Loading filter Tabledata
DEBUG   |170729 14:08:37|-- Loading filter Skipdirs
DEBUG   |170729 14:08:37|-- Loading filter Incremental
DEBUG   |170729 14:08:37|-- Loading filter Regextabledata
DEBUG   |170729 14:08:37|-- Loading filter Files
DEBUG   |170729 14:08:37|-- Loading filter Regexskipfiles
DEBUG   |170729 14:08:37|-- Loading filter Regexskipdirs
DEBUG   |170729 14:08:37|-- Loading filter Extradirs
DEBUG   |170729 14:08:37|-- Loading filter Regextables
DEBUG   |170729 14:08:37|-- Loading filter Skipfiles
DEBUG   |170729 14:08:37|-- Loading filter Regexfiles
DEBUG   |170729 14:08:37|-- Loading filter Multidb
DEBUG   |170729 14:08:37|-- Loading filter Directories
DEBUG   |170729 14:08:37|-- Loading filter Excludefiles
DEBUG   |170729 14:08:37|-- Loading filter Joomlaskipdirs
DEBUG   |170729 14:08:37|-- Loading filter Libraries
DEBUG   |170729 14:08:37|-- Loading filter Cvsfolders
DEBUG   |170729 14:08:37|-- Loading filter Excludetabledata
DEBUG   |170729 14:08:37|-- Loading filter Sitedb
DEBUG   |170729 14:08:37|-- Loading filter Systemcachefiles
DEBUG   |170729 14:08:37|-- Loading filter Joomlaskipfiles
DEBUG   |170729 14:08:37|-- Loading filter Siteroot
DEBUG   |170729 14:08:37|-- Loading filter Excludefolders
DEBUG   |170729 14:08:37|Loading optional filters
DEBUG   |170729 14:08:37|-- Loading optional filter Stack\StackErrorlogs
DEBUG   |170729 14:08:37|-- Loading optional filter Stack\StackHoststats
DEBUG   |170729 14:08:37|-- Loading optional filter Stack\StackFinder
DEBUG   |170729 14:08:37|-- Loading optional filter Stack\StackMyjoomla
DEBUG   |170729 14:08:57|Fetching filter data from database
DEBUG   |170729 14:08:57|Loading filters
DEBUG   |170729 14:08:57|-- Loading filter Regexdirectories
DEBUG   |170729 14:08:57|-- Loading filter Tables
DEBUG   |170729 14:08:57|-- Loading filter Tabledata
DEBUG   |170729 14:08:57|-- Loading filter Skipdirs
DEBUG   |170729 14:08:57|-- Loading filter Incremental
DEBUG   |170729 14:08:57|-- Loading filter Regextabledata
DEBUG   |170729 14:08:57|-- Loading filter Files
DEBUG   |170729 14:08:57|-- Loading filter Regexskipfiles
DEBUG   |170729 14:08:57|-- Loading filter Regexskipdirs
DEBUG   |170729 14:08:57|-- Loading filter Extradirs
DEBUG   |170729 14:08:57|-- Loading filter Regextables
DEBUG   |170729 14:08:57|-- Loading filter Skipfiles
DEBUG   |170729 14:08:57|-- Loading filter Regexfiles
DEBUG   |170729 14:08:57|-- Loading filter Multidb
DEBUG   |170729 14:08:57|-- Loading filter Directories
DEBUG   |170729 14:08:57|-- Loading filter Excludefiles
DEBUG   |170729 14:08:57|-- Loading filter Joomlaskipdirs
DEBUG   |170729 14:08:57|-- Loading filter Libraries
DEBUG   |170729 14:08:57|-- Loading filter Cvsfolders
DEBUG   |170729 14:08:57|-- Loading filter Excludetabledata
DEBUG   |170729 14:08:57|-- Loading filter Sitedb
DEBUG   |170729 14:08:57|-- Loading filter Systemcachefiles
DEBUG   |170729 14:08:57|-- Loading filter Joomlaskipfiles
DEBUG   |170729 14:08:57|-- Loading filter Siteroot
DEBUG   |170729 14:08:57|-- Loading filter Excludefolders
DEBUG   |170729 14:08:57|Loading optional filters
DEBUG   |170729 14:08:57|-- Loading optional filter Stack\StackErrorlogs
DEBUG   |170729 14:08:57|-- Loading optional filter Stack\StackHoststats
DEBUG   |170729 14:08:57|-- Loading optional filter Stack\StackFinder
DEBUG   |170729 14:08:57|-- Loading optional filter Stack\StackMyjoomla
